<?xml version="1.0" encoding="UTF-8"?>
<!-- Generated by org.testng.reporters.JUnitXMLReporter -->
<testsuite ignored="0" hostname="Macs-MacBook-Pro.local" failures="0" tests="2" name="Test Grammerly On firefox" time="19.442" errors="0" timestamp="2023-10-18T14:26:14 IST">
  <testcase classname="bestbuytest.TestProp" name="launchbestbut" time="0.0">
    <skipped/>
  </testcase> <!-- launchbestbut -->
  <testcase classname="bestbuytest.TestProp" name="check" time="0.0">
    <skipped/>
  </testcase> <!-- check -->
</testsuite> <!-- Test Grammerly On firefox -->
